    1  passwd
    2  wget    https://s3.amazonaws.com/amazon-reviews-pds/tsv/amazon_reviews_us_Books_v1_02.tsv.gz
    3  ls
    4  git --version
    5  mkdir ws_1
    6  ls
    7  cd ws_1
    8  git init
    9  touch newfile.txt
   10  git status
   11  git add newfile.txt
   12  git status
   13  git commit -m "This is my first commit!"
   14  cd ..
   15  ls
   16  cd ws_1
   17  ls
   18  rm newfile.txt
   19  ls
   20  history > cmds.log
   21  ls
   22  less cmds.log
   23  git status
   24  git add cmds.log
   25  git status
   26  git rm --cached newfile.txt
   27  git status
   28  git commit -m "This is my first commit!"
   29  git config --global hannele.padre@sjsu.edu
   30  git config --global hpadre
   31  git commit -m "This is my first commit!"
   32  git config --global user.name "hpadre"
   33  git config --global user.email "hannele.padre@sjsu.edu"
   34  git commit -m "This is my first commit!"
   35  git remote add origin https://github.com/hpadre/worksheet1.git
   36  git branch -M main
   37  git push -u origin main
   38  git remote add origin https://github.com/hpadre/worksheet1.git
   39  git push -u origin main
   40  git remote add origin https://github.com/hpadre/ws1.git
   41  git remote add origin https://github.com/hpadre/ws_1.git
   42  git branch -M main
   43  git push -u origin main
   44  git
   45  history > cmds_2.log
